TN:
SF:src\cliente\compartido\formateadores\FormateadorFecha.js
FN:11,(anonymous_0)
FN:16,(anonymous_1)
FN:21,(anonymous_2)
FNF:3
FNH:0
FNDA:0,(anonymous_0)
FNDA:0,(anonymous_1)
FNDA:0,(anonymous_2)
DA:2,0
DA:7,0
DA:12,0
DA:13,0
DA:17,0
DA:18,0
DA:22,0
DA:23,0
DA:24,0
DA:25,0
LF:10
LH:0
BRDA:12,0,0,0
BRDA:12,0,1,0
BRDA:17,1,0,0
BRDA:17,1,1,0
BRF:4
BRH:0
end_of_record
TN:
SF:src\cliente\compartido\formateadores\FormateadorHora.js
FN:2,(anonymous_0)
FNF:1
FNH:0
FNDA:0,(anonymous_0)
DA:3,0
DA:4,0
DA:5,0
LF:3
LH:0
BRDA:3,0,0,0
BRDA:3,0,1,0
BRF:2
BRH:0
end_of_record
TN:
SF:src\cliente\compartido\validadores\ValidadorFormulario.js
FN:5,(anonymous_0)
FN:9,(anonymous_1)
FN:13,(anonymous_2)
FN:17,(anonymous_3)
FN:21,(anonymous_4)
FNF:5
FNH:0
FNDA:0,(anonymous_0)
FNDA:0,(anonymous_1)
FNDA:0,(anonymous_2)
FNDA:0,(anonymous_3)
FNDA:0,(anonymous_4)
DA:2,0
DA:3,0
DA:6,0
DA:10,0
DA:14,0
DA:18,0
DA:22,0
LF:7
LH:0
BRDA:14,0,0,0
BRDA:14,0,1,0
BRDA:18,1,0,0
BRDA:18,1,1,0
BRF:4
BRH:0
end_of_record
TN:
SF:src\cliente\paciente\modelos\ModeloCancelacion.js
FN:2,(anonymous_0)
FN:7,(anonymous_1)
FN:8,(anonymous_2)
FN:10,(anonymous_3)
FN:14,(anonymous_4)
FNF:5
FNH:0
FNDA:0,(anonymous_0)
FNDA:0,(anonymous_1)
FNDA:0,(anonymous_2)
FNDA:0,(anonymous_3)
FNDA:0,(anonymous_4)
DA:3,0
DA:4,0
DA:7,0
DA:8,0
DA:11,0
DA:15,0
DA:16,0
DA:17,0
DA:18,0
DA:19,0
DA:20,0
DA:22,0
DA:25,0
LF:13
LH:0
BRDA:15,0,0,0
BRDA:15,0,1,0
BRDA:18,1,0,0
BRDA:18,1,1,0
BRF:4
BRH:0
end_of_record
TN:
SF:src\cliente\paciente\modelos\ModeloReprogramacion.js
FN:6,(anonymous_0)
FN:11,(anonymous_1)
FN:12,(anonymous_2)
FN:14,(anonymous_3)
FN:29,(anonymous_4)
FN:35,(anonymous_5)
FNF:6
FNH:0
FNDA:0,(anonymous_0)
FNDA:0,(anonymous_1)
FNDA:0,(anonymous_2)
FNDA:0,(anonymous_3)
FNDA:0,(anonymous_4)
FNDA:0,(anonymous_5)
DA:3,0
DA:7,0
DA:8,0
DA:11,0
DA:12,0
DA:15,0
DA:17,0
DA:18,0
DA:21,0
DA:24,0
DA:25,0
DA:26,0
DA:30,0
DA:31,0
DA:32,0
DA:36,0
DA:37,0
DA:38,0
DA:39,0
DA:40,0
DA:41,0
DA:42,0
DA:43,0
DA:44,0
LF:24
LH:0
BRDA:15,0,0,0
BRDA:15,0,1,0
BRDA:17,1,0,0
BRDA:17,1,1,0
BRDA:36,2,0,0
BRDA:36,2,1,0
BRDA:36,3,0,0
BRDA:36,3,1,0
BRDA:38,4,0,0
BRDA:38,4,1,0
BRDA:40,5,0,0
BRDA:40,5,1,0
BRF:12
BRH:0
end_of_record
TN:
SF:src\cliente\paciente\modelos\ModeloReserva.js
FN:2,(anonymous_0)
FN:13,(anonymous_1)
FN:18,(anonymous_2)
FN:21,(anonymous_3)
FN:25,(anonymous_4)
FN:64,(anonymous_5)
FN:90,(anonymous_6)
FN:149,(anonymous_7)
FN:154,(anonymous_8)
FN:164,(anonymous_9)
FN:174,(anonymous_10)
FNF:11
FNH:0
FNDA:0,(anonymous_0)
FNDA:0,(anonymous_1)
FNDA:0,(anonymous_2)
FNDA:0,(anonymous_3)
FNDA:0,(anonymous_4)
FNDA:0,(anonymous_5)
FNDA:0,(anonymous_6)
FNDA:0,(anonymous_7)
FNDA:0,(anonymous_8)
FNDA:0,(anonymous_9)
FNDA:0,(anonymous_10)
DA:3,0
DA:4,0
DA:5,0
DA:6,0
DA:7,0
DA:8,0
DA:9,0
DA:10,0
DA:14,0
DA:15,0
DA:19,0
DA:22,0
DA:26,0
DA:27,0
DA:33,0
DA:34,0
DA:35,0
DA:36,0
DA:40,0
DA:43,0
DA:46,0
DA:47,0
DA:48,0
DA:54,0
DA:58,0
DA:65,0
DA:66,0
DA:67,0
DA:72,0
DA:73,0
DA:77,0
DA:82,0
DA:83,0
DA:84,0
DA:85,0
DA:88,0
DA:91,0
DA:92,0
DA:95,0
DA:98,0
DA:99,0
DA:105,0
DA:106,0
DA:109,0
DA:111,0
DA:123,0
DA:129,0
DA:135,0
DA:139,0
DA:145,0
DA:150,0
DA:151,0
DA:152,0
DA:156,0
DA:157,0
DA:165,0
DA:166,0
DA:167,0
DA:168,0
DA:169,0
DA:170,0
DA:171,0
DA:175,0
LF:63
LH:0
BRDA:26,0,0,0
BRDA:26,0,1,0
BRDA:35,1,0,0
BRDA:35,1,1,0
BRDA:64,2,0,0
BRDA:64,3,0,0
BRDA:65,4,0,0
BRDA:65,4,1,0
BRDA:66,5,0,0
BRDA:66,5,1,0
BRDA:66,6,0,0
BRDA:66,6,1,0
BRDA:72,7,0,0
BRDA:72,7,1,0
BRDA:84,8,0,0
BRDA:84,8,1,0
BRDA:84,9,0,0
BRDA:84,9,1,0
BRDA:95,10,0,0
BRDA:95,10,1,0
BRDA:109,11,0,0
BRDA:109,11,1,0
BRDA:124,12,0,0
BRDA:124,12,1,0
BRDA:149,13,0,0
BRDA:151,14,0,0
BRDA:151,14,1,0
BRDA:151,15,0,0
BRDA:151,15,1,0
BRDA:159,16,0,0
BRDA:159,16,1,0
BRDA:165,17,0,0
BRDA:165,17,1,0
BRDA:167,18,0,0
BRDA:167,18,1,0
BRDA:169,19,0,0
BRDA:169,19,1,0
BRF:37
BRH:0
end_of_record
