TN:
SF:src\cliente\compartido\formateadores\FormateadorFecha.js
FN:11,(anonymous_0)
FN:16,(anonymous_1)
FN:21,(anonymous_2)
FNF:3
FNH:3
FNDA:2,(anonymous_0)
FNDA:13,(anonymous_1)
FNDA:3,(anonymous_2)
DA:2,2
DA:7,2
DA:12,2
DA:13,2
DA:17,13
DA:18,13
DA:22,3
DA:23,3
DA:24,3
DA:25,3
LF:10
LH:10
BRDA:12,0,0,1
BRDA:12,0,1,1
BRDA:17,1,0,0
BRDA:17,1,1,13
BRF:4
BRH:3
end_of_record
TN:
SF:src\cliente\compartido\formateadores\FormateadorHora.js
FN:2,(anonymous_0)
FNF:1
FNH:1
FNDA:2,(anonymous_0)
DA:3,2
DA:4,1
DA:5,1
LF:3
LH:3
BRDA:3,0,0,1
BRDA:3,0,1,1
BRF:2
BRH:2
end_of_record
TN:
SF:src\cliente\compartido\validadores\ValidadorFormulario.js
FN:5,(anonymous_0)
FN:9,(anonymous_1)
FN:13,(anonymous_2)
FN:17,(anonymous_3)
FN:21,(anonymous_4)
FNF:5
FNH:5
FNDA:4,(anonymous_0)
FNDA:4,(anonymous_1)
FNDA:4,(anonymous_2)
FNDA:5,(anonymous_3)
FNDA:2,(anonymous_4)
DA:2,1
DA:3,1
DA:6,4
DA:10,4
DA:14,4
DA:18,5
DA:22,2
LF:7
LH:7
BRDA:14,0,0,4
BRDA:14,0,1,2
BRDA:18,1,0,5
BRDA:18,1,1,3
BRF:4
BRH:4
end_of_record
TN:
SF:src\cliente\paciente\modelos\ModeloCancelacion.js
FN:2,(anonymous_0)
FN:7,(anonymous_1)
FN:8,(anonymous_2)
FN:10,(anonymous_3)
FN:14,(anonymous_4)
FNF:5
FNH:5
FNDA:7,(anonymous_0)
FNDA:5,(anonymous_1)
FNDA:1,(anonymous_2)
FNDA:1,(anonymous_3)
FNDA:5,(anonymous_4)
DA:3,7
DA:4,7
DA:7,5
DA:8,1
DA:11,1
DA:15,5
DA:16,4
DA:17,4
DA:18,3
DA:19,2
DA:20,2
DA:22,1
DA:25,1
LF:13
LH:13
BRDA:15,0,0,1
BRDA:15,0,1,4
BRDA:18,1,0,2
BRDA:18,1,1,1
BRF:4
BRH:4
end_of_record
TN:
SF:src\cliente\paciente\modelos\ModeloReprogramacion.js
FN:6,(anonymous_0)
FN:11,(anonymous_1)
FN:12,(anonymous_2)
FN:14,(anonymous_3)
FN:29,(anonymous_4)
FN:35,(anonymous_5)
FNF:6
FNH:6
FNDA:11,(anonymous_0)
FNDA:7,(anonymous_1)
FNDA:3,(anonymous_2)
FNDA:11,(anonymous_3)
FNDA:2,(anonymous_4)
FNDA:10,(anonymous_5)
DA:3,1
DA:7,11
DA:8,11
DA:11,7
DA:12,3
DA:15,11
DA:17,10
DA:18,3
DA:21,3
DA:24,7
DA:25,7
DA:26,7
DA:30,2
DA:31,2
DA:32,2
DA:36,10
DA:37,9
DA:38,9
DA:39,8
DA:40,8
DA:41,7
DA:42,7
DA:43,7
DA:44,7
LF:24
LH:24
BRDA:15,0,0,1
BRDA:15,0,1,10
BRDA:17,1,0,3
BRDA:17,1,1,7
BRDA:36,2,0,1
BRDA:36,2,1,9
BRDA:36,3,0,10
BRDA:36,3,1,9
BRDA:38,4,0,1
BRDA:38,4,1,8
BRDA:40,5,0,1
BRDA:40,5,1,7
BRF:12
BRH:12
end_of_record
TN:
SF:src\cliente\paciente\modelos\ModeloReserva.js
FN:2,(anonymous_0)
FN:13,(anonymous_1)
FN:18,(anonymous_2)
FN:21,(anonymous_3)
FN:25,(anonymous_4)
FN:55,(anonymous_5)
FN:75,(anonymous_6)
FN:131,(anonymous_7)
FN:136,(anonymous_8)
FN:146,(anonymous_9)
FN:150,(anonymous_10)
FN:160,(anonymous_11)
FNF:12
FNH:11
FNDA:25,(anonymous_0)
FNDA:21,(anonymous_1)
FNDA:1,(anonymous_2)
FNDA:1,(anonymous_3)
FNDA:6,(anonymous_4)
FNDA:14,(anonymous_5)
FNDA:1,(anonymous_6)
FNDA:4,(anonymous_7)
FNDA:0,(anonymous_8)
FNDA:14,(anonymous_9)
FNDA:8,(anonymous_10)
FNDA:16,(anonymous_11)
DA:3,25
DA:4,25
DA:5,25
DA:6,25
DA:7,25
DA:8,25
DA:9,25
DA:10,25
DA:14,21
DA:15,21
DA:19,1
DA:22,1
DA:26,6
DA:27,1
DA:30,5
DA:31,5
DA:32,4
DA:33,1
DA:34,1
DA:37,1
DA:40,3
DA:41,3
DA:42,3
DA:48,1
DA:49,1
DA:56,14
DA:57,13
DA:58,1
DA:60,12
DA:61,2
DA:62,2
DA:67,10
DA:68,10
DA:69,10
DA:70,1
DA:73,10
DA:76,1
DA:77,1
DA:80,9
DA:83,8
DA:84,8
DA:90,5
DA:91,5
DA:94,3
DA:96,2
DA:108,2
DA:114,2
DA:120,8
DA:121,8
DA:127,10
DA:132,4
DA:133,4
DA:134,2
DA:138,4
DA:139,4
DA:147,14
DA:151,8
DA:152,2
DA:153,6
DA:154,1
DA:155,5
DA:156,1
DA:157,4
DA:161,16
LF:64
LH:64
BRDA:26,0,0,1
BRDA:26,0,1,5
BRDA:32,1,0,1
BRDA:32,1,1,3
BRDA:55,2,0,13
BRDA:55,3,0,13
BRDA:56,4,0,1
BRDA:56,4,1,13
BRDA:57,5,0,1
BRDA:57,5,1,12
BRDA:57,6,0,13
BRDA:57,6,1,12
BRDA:60,7,0,2
BRDA:60,7,1,10
BRDA:69,8,0,1
BRDA:69,8,1,9
BRDA:69,9,0,10
BRDA:69,9,1,1
BRDA:80,10,0,1
BRDA:80,10,1,8
BRDA:94,11,0,1
BRDA:94,11,1,2
BRDA:109,12,0,1
BRDA:109,12,1,1
BRDA:131,13,0,1
BRDA:133,14,0,2
BRDA:133,14,1,2
BRDA:133,15,0,4
BRDA:133,15,1,3
BRDA:141,16,0,2
BRDA:141,16,1,2
BRDA:151,17,0,2
BRDA:151,17,1,6
BRDA:153,18,0,1
BRDA:153,18,1,5
BRDA:155,19,0,1
BRDA:155,19,1,4
BRF:37
BRH:37
end_of_record
